<?xml version="1.0" encoding="UTF-8"?>
<!-- Generated by org.testng.reporters.JUnitXMLReporter -->
<testsuite ignored="0" hostname="VENKATPATNALA" failures="2" tests="4" name="Test" time="19.477" errors="0" timestamp="2024-07-26T17:43:41 IST">
  <testcase classname="web_automation.Testcases" name="Test1" time="10.289"/>
  <testcase classname="web_automation.Testcases" name="Test2" time="2.12">
    <failure type="java.lang.AssertionError" message="Expected 3 items But got :0">
      <![CDATA[java.lang.AssertionError: Expected 3 items But got :0
at web_automation.Testcases.Test2(Testcases.java:57)
at java.base/java.util.ArrayList.forEach(ArrayList.java:1597)
... Removed 25 stack frames]]>
    </failure>
  </testcase> <!-- Test2 -->
  <testcase classname="web_automation.Testcases" name="test5" time="4.414"/>
  <testcase classname="web_automation.Testcases" name="test6" time="2.595">
    <failure type="org.junit.ComparisonFailure" message="Ventosanzap expected:&amp;lt;[Ventosanzap]&amp;gt; but was:&amp;lt;[cell values are not matching as expected]&amp;gt;">
      <![CDATA[org.junit.ComparisonFailure: Ventosanzap expected:<[Ventosanzap]> but was:<[cell values are not matching as expected]>
at org.junit.Assert.assertEquals(Assert.java:117)
at web_automation.Testcases.test6(Testcases.java:148)
at java.base/java.util.ArrayList.forEach(ArrayList.java:1597)
... Removed 25 stack frames]]>
    </failure>
  </testcase> <!-- test6 -->
</testsuite> <!-- Test -->
